2023-10-25 17:16:21,926 INFO m.ApplicationManager [ApplicationManager.java:23] open page: https://ilcarro.web.app/search
2023-10-25 17:16:22,061 INFO m.ApplicationManager [ApplicationManager.java:29] navigated to the url: https://ilcarro.web.app/search
2023-10-25 17:16:22,062 INFO m.TestNGListener [TestNGListener.java:50] start test - onstart - :Gradle test
2023-10-25 17:16:22,064 INFO m.WDListener [WDListener.java:93] before find element: By.xpath: //a[contains(@href, 'logout')]
2023-10-25 17:16:26,101 INFO m.WDListener [WDListener.java:99] element found success: By.xpath: //a[contains(@href, 'logout')]
2023-10-25 17:16:26,117 INFO t.BaseTest [BaseTest.java:45] stop method: negativePasswordWithoutLetters
2023-10-25 17:16:26,117 INFO t.BaseTest [BaseTest.java:40] start method: negativePasswordWithoutLetters
2023-10-25 17:16:26,118 INFO m.WDListener [WDListener.java:93] before find element: By.xpath: //a[contains(@href, 'logout')]
2023-10-25 17:16:30,151 INFO m.WDListener [WDListener.java:99] element found success: By.xpath: //a[contains(@href, 'logout')]
2023-10-25 17:16:30,152 INFO m.TestNGListener [TestNGListener.java:15] started test: negativePasswordWithoutLetters
2023-10-25 17:16:30,154 INFO m.WDListener [WDListener.java:93] before find element: By.xpath: //a[contains(@href, '/login')]
2023-10-25 17:16:30,169 INFO m.WDListener [WDListener.java:99] element found success: By.xpath: //a[contains(@href, '/login')]
2023-10-25 17:16:30,172 INFO m.WDListener [WDListener.java:105] start method click
2023-10-25 17:16:30,214 INFO m.WDListener [WDListener.java:111] done method click
2023-10-25 17:16:30,214 INFO m.WDListener [WDListener.java:93] before find element: By.xpath: //input[@id='email']
2023-10-25 17:16:30,230 INFO m.WDListener [WDListener.java:99] element found success: By.xpath: //input[@id='email']
2023-10-25 17:16:30,231 INFO m.WDListener [WDListener.java:105] start method click
2023-10-25 17:16:30,263 INFO m.WDListener [WDListener.java:111] done method click
2023-10-25 17:16:30,349 INFO m.WDListener [WDListener.java:93] before find element: By.xpath: //input[@id='password']
2023-10-25 17:16:30,372 INFO m.WDListener [WDListener.java:99] element found success: By.xpath: //input[@id='password']
2023-10-25 17:16:30,373 INFO m.WDListener [WDListener.java:105] start method click
2023-10-25 17:16:30,404 INFO m.WDListener [WDListener.java:111] done method click
2023-10-25 17:16:30,461 INFO m.WDListener [WDListener.java:93] before find element: By.xpath: //button[@type='submit']
2023-10-25 17:16:30,479 INFO m.WDListener [WDListener.java:99] element found success: By.xpath: //button[@type='submit']
2023-10-25 17:16:30,479 INFO m.WDListener [WDListener.java:105] start method click
2023-10-25 17:16:30,517 INFO m.WDListener [WDListener.java:111] done method click
2023-10-25 17:16:30,518 INFO m.WDListener [WDListener.java:93] before find element: By.xpath: //h2[@class='message']
2023-10-25 17:16:31,543 INFO m.WDListener [WDListener.java:99] element found success: By.xpath: //h2[@class='message']
2023-10-25 17:16:31,552 INFO m.WDListener [WDListener.java:182] get text from the element with text: "Login or Password incorrect"
2023-10-25 17:16:31,557 INFO m.WDListener [WDListener.java:188] got the text successful
2023-10-25 17:16:31,560 INFO m.TestNGListener [TestNGListener.java:21] test success: negativePasswordWithoutLetters
2023-10-25 17:16:31,560 INFO m.WDListener [WDListener.java:127] start execute js script: document.querySelector(`[type='button']`).click();
2023-10-25 17:16:31,580 INFO m.WDListener [WDListener.java:133] script executed success
2023-10-25 17:16:31,580 INFO m.WDListener [WDListener.java:93] before find element: By.xpath: //div[@class='dialog-container']//h1[@class='title']
2023-10-25 17:16:31,595 INFO m.WDListener [WDListener.java:99] element found success: By.xpath: //div[@class='dialog-container']//h1[@class='title']
2023-10-25 17:16:31,595 INFO m.WDListener [WDListener.java:105] start method click
2023-10-25 17:16:31,622 INFO m.WDListener [WDListener.java:111] done method click
2023-10-25 17:16:32,665 INFO t.BaseTest [BaseTest.java:45] stop method: negativePasswordWithoutNumbers
2023-10-25 17:16:32,666 INFO t.BaseTest [BaseTest.java:40] start method: negativePasswordWithoutNumbers
2023-10-25 17:16:32,666 INFO m.WDListener [WDListener.java:93] before find element: By.xpath: //a[contains(@href, 'logout')]
2023-10-25 17:16:36,724 INFO m.WDListener [WDListener.java:99] element found success: By.xpath: //a[contains(@href, 'logout')]
2023-10-25 17:16:36,724 INFO m.TestNGListener [TestNGListener.java:15] started test: negativePasswordWithoutNumbers
2023-10-25 17:16:36,725 INFO m.WDListener [WDListener.java:93] before find element: By.xpath: //a[contains(@href, '/login')]
2023-10-25 17:16:36,740 INFO m.WDListener [WDListener.java:99] element found success: By.xpath: //a[contains(@href, '/login')]
2023-10-25 17:16:36,740 INFO m.WDListener [WDListener.java:105] start method click
2023-10-25 17:16:36,772 INFO m.WDListener [WDListener.java:111] done method click
2023-10-25 17:16:36,772 INFO m.WDListener [WDListener.java:93] before find element: By.xpath: //input[@id='email']
2023-10-25 17:16:36,787 INFO m.WDListener [WDListener.java:99] element found success: By.xpath: //input[@id='email']
2023-10-25 17:16:36,787 INFO m.WDListener [WDListener.java:105] start method click
2023-10-25 17:16:36,817 INFO m.WDListener [WDListener.java:111] done method click
2023-10-25 17:16:36,896 INFO m.WDListener [WDListener.java:93] before find element: By.xpath: //input[@id='password']
2023-10-25 17:16:36,911 INFO m.WDListener [WDListener.java:99] element found success: By.xpath: //input[@id='password']
2023-10-25 17:16:36,911 INFO m.WDListener [WDListener.java:105] start method click
2023-10-25 17:16:36,942 INFO m.WDListener [WDListener.java:111] done method click
2023-10-25 17:16:37,002 INFO m.WDListener [WDListener.java:93] before find element: By.xpath: //button[@type='submit']
2023-10-25 17:16:37,021 INFO m.WDListener [WDListener.java:99] element found success: By.xpath: //button[@type='submit']
2023-10-25 17:16:37,021 INFO m.WDListener [WDListener.java:105] start method click
2023-10-25 17:16:37,049 INFO m.WDListener [WDListener.java:111] done method click
2023-10-25 17:16:37,050 INFO m.WDListener [WDListener.java:93] before find element: By.xpath: //h2[@class='message']
2023-10-25 17:16:37,438 INFO m.WDListener [WDListener.java:99] element found success: By.xpath: //h2[@class='message']
2023-10-25 17:16:37,443 INFO m.WDListener [WDListener.java:182] get text from the element with text: "Login or Password incorrect"
2023-10-25 17:16:37,449 INFO m.WDListener [WDListener.java:188] got the text successful
2023-10-25 17:16:37,449 INFO m.TestNGListener [TestNGListener.java:21] test success: negativePasswordWithoutNumbers
2023-10-25 17:16:37,450 INFO m.WDListener [WDListener.java:127] start execute js script: document.querySelector(`[type='button']`).click();
2023-10-25 17:16:37,471 INFO m.WDListener [WDListener.java:133] script executed success
2023-10-25 17:16:37,472 INFO m.WDListener [WDListener.java:93] before find element: By.xpath: //div[@class='dialog-container']//h1[@class='title']
2023-10-25 17:16:37,487 INFO m.WDListener [WDListener.java:99] element found success: By.xpath: //div[@class='dialog-container']//h1[@class='title']
2023-10-25 17:16:37,487 INFO m.WDListener [WDListener.java:105] start method click
2023-10-25 17:16:37,515 INFO m.WDListener [WDListener.java:111] done method click
2023-10-25 17:16:38,562 INFO t.BaseTest [BaseTest.java:45] stop method: negativePasswordWithoutSymbol
2023-10-25 17:16:38,562 INFO t.BaseTest [BaseTest.java:40] start method: negativePasswordWithoutSymbol
2023-10-25 17:16:38,563 INFO m.WDListener [WDListener.java:93] before find element: By.xpath: //a[contains(@href, 'logout')]
2023-10-25 17:16:42,602 INFO m.WDListener [WDListener.java:99] element found success: By.xpath: //a[contains(@href, 'logout')]
2023-10-25 17:16:42,603 INFO m.TestNGListener [TestNGListener.java:15] started test: negativePasswordWithoutSymbol
2023-10-25 17:16:42,603 INFO m.WDListener [WDListener.java:93] before find element: By.xpath: //a[contains(@href, '/login')]
2023-10-25 17:16:42,618 INFO m.WDListener [WDListener.java:99] element found success: By.xpath: //a[contains(@href, '/login')]
2023-10-25 17:16:42,618 INFO m.WDListener [WDListener.java:105] start method click
2023-10-25 17:16:42,647 INFO m.WDListener [WDListener.java:111] done method click
2023-10-25 17:16:42,648 INFO m.WDListener [WDListener.java:93] before find element: By.xpath: //input[@id='email']
2023-10-25 17:16:42,663 INFO m.WDListener [WDListener.java:99] element found success: By.xpath: //input[@id='email']
2023-10-25 17:16:42,664 INFO m.WDListener [WDListener.java:105] start method click
2023-10-25 17:16:42,693 INFO m.WDListener [WDListener.java:111] done method click
2023-10-25 17:16:42,760 INFO m.WDListener [WDListener.java:93] before find element: By.xpath: //input[@id='password']
2023-10-25 17:16:42,773 INFO m.WDListener [WDListener.java:99] element found success: By.xpath: //input[@id='password']
2023-10-25 17:16:42,773 INFO m.WDListener [WDListener.java:105] start method click
2023-10-25 17:16:42,801 INFO m.WDListener [WDListener.java:111] done method click
2023-10-25 17:16:42,861 INFO m.WDListener [WDListener.java:93] before find element: By.xpath: //button[@type='submit']
2023-10-25 17:16:42,882 INFO m.WDListener [WDListener.java:99] element found success: By.xpath: //button[@type='submit']
2023-10-25 17:16:42,882 INFO m.WDListener [WDListener.java:105] start method click
2023-10-25 17:16:42,910 INFO m.WDListener [WDListener.java:111] done method click
2023-10-25 17:16:42,910 INFO m.WDListener [WDListener.java:93] before find element: By.xpath: //h2[@class='message']
2023-10-25 17:16:43,300 INFO m.WDListener [WDListener.java:99] element found success: By.xpath: //h2[@class='message']
2023-10-25 17:16:43,305 INFO m.WDListener [WDListener.java:182] get text from the element with text: "Login or Password incorrect"
2023-10-25 17:16:43,310 INFO m.WDListener [WDListener.java:188] got the text successful
2023-10-25 17:16:43,311 INFO m.TestNGListener [TestNGListener.java:21] test success: negativePasswordWithoutSymbol
2023-10-25 17:16:43,311 INFO m.WDListener [WDListener.java:127] start execute js script: document.querySelector(`[type='button']`).click();
2023-10-25 17:16:43,331 INFO m.WDListener [WDListener.java:133] script executed success
2023-10-25 17:16:43,331 INFO m.WDListener [WDListener.java:93] before find element: By.xpath: //div[@class='dialog-container']//h1[@class='title']
2023-10-25 17:16:43,346 INFO m.WDListener [WDListener.java:99] element found success: By.xpath: //div[@class='dialog-container']//h1[@class='title']
2023-10-25 17:16:43,346 INFO m.WDListener [WDListener.java:105] start method click
2023-10-25 17:16:43,374 INFO m.WDListener [WDListener.java:111] done method click
2023-10-25 17:16:44,414 INFO t.BaseTest [BaseTest.java:45] stop method: positiveLogin
2023-10-25 17:16:44,415 INFO t.BaseTest [BaseTest.java:40] start method: positiveLogin
2023-10-25 17:16:44,415 INFO m.WDListener [WDListener.java:93] before find element: By.xpath: //a[contains(@href, 'logout')]
2023-10-25 17:16:48,462 INFO m.WDListener [WDListener.java:99] element found success: By.xpath: //a[contains(@href, 'logout')]
2023-10-25 17:16:48,463 INFO m.TestNGListener [TestNGListener.java:15] started test: positiveLogin
2023-10-25 17:16:48,463 INFO m.WDListener [WDListener.java:93] before find element: By.xpath: //a[contains(@href, '/login')]
2023-10-25 17:16:48,478 INFO m.WDListener [WDListener.java:99] element found success: By.xpath: //a[contains(@href, '/login')]
2023-10-25 17:16:48,478 INFO m.WDListener [WDListener.java:105] start method click
2023-10-25 17:16:48,507 INFO m.WDListener [WDListener.java:111] done method click
2023-10-25 17:16:48,507 INFO m.WDListener [WDListener.java:93] before find element: By.xpath: //input[@id='email']
2023-10-25 17:16:48,523 INFO m.WDListener [WDListener.java:99] element found success: By.xpath: //input[@id='email']
2023-10-25 17:16:48,523 INFO m.WDListener [WDListener.java:105] start method click
2023-10-25 17:16:48,552 INFO m.WDListener [WDListener.java:111] done method click
2023-10-25 17:16:48,628 INFO m.WDListener [WDListener.java:93] before find element: By.xpath: //input[@id='password']
2023-10-25 17:16:48,646 INFO m.WDListener [WDListener.java:99] element found success: By.xpath: //input[@id='password']
2023-10-25 17:16:48,647 INFO m.WDListener [WDListener.java:105] start method click
2023-10-25 17:16:48,673 INFO m.WDListener [WDListener.java:111] done method click
2023-10-25 17:16:48,748 INFO m.WDListener [WDListener.java:93] before find element: By.xpath: //button[@type='submit']
2023-10-25 17:16:48,768 INFO m.WDListener [WDListener.java:99] element found success: By.xpath: //button[@type='submit']
2023-10-25 17:16:48,768 INFO m.WDListener [WDListener.java:105] start method click
2023-10-25 17:16:48,797 INFO m.WDListener [WDListener.java:111] done method click
2023-10-25 17:16:48,797 INFO m.WDListener [WDListener.java:93] before find element: By.xpath: //h2[@class='message']
2023-10-25 17:16:49,123 INFO m.WDListener [WDListener.java:99] element found success: By.xpath: //h2[@class='message']
2023-10-25 17:16:49,128 INFO m.WDListener [WDListener.java:182] get text from the element with text: Logged in success
2023-10-25 17:16:49,134 INFO m.WDListener [WDListener.java:188] got the text successful
2023-10-25 17:16:49,134 INFO m.TestNGListener [TestNGListener.java:21] test success: positiveLogin
2023-10-25 17:16:49,135 INFO m.WDListener [WDListener.java:127] start execute js script: document.querySelector(`[type='button']`).click();
2023-10-25 17:16:49,154 INFO m.WDListener [WDListener.java:133] script executed success
2023-10-25 17:16:49,155 INFO m.WDListener [WDListener.java:93] before find element: By.xpath: //div[@class='dialog-container']//h1[@class='title']
2023-10-25 17:16:49,171 INFO m.WDListener [WDListener.java:99] element found success: By.xpath: //div[@class='dialog-container']//h1[@class='title']
2023-10-25 17:16:49,171 INFO m.WDListener [WDListener.java:105] start method click
2023-10-25 17:16:49,199 INFO m.WDListener [WDListener.java:111] done method click
2023-10-25 17:16:50,239 INFO t.BaseTest [BaseTest.java:45] stop method: positiveLoginUserDTO
2023-10-25 17:16:50,239 INFO t.BaseTest [BaseTest.java:40] start method: positiveLoginUserDTO
2023-10-25 17:16:50,239 INFO m.WDListener [WDListener.java:93] before find element: By.xpath: //a[contains(@href, 'logout')]
2023-10-25 17:16:50,257 INFO m.WDListener [WDListener.java:99] element found success: By.xpath: //a[contains(@href, 'logout')]
2023-10-25 17:16:50,257 INFO m.WDListener [WDListener.java:93] before find element: By.xpath: //a[contains(@href, 'logout')]
2023-10-25 17:16:50,275 INFO m.WDListener [WDListener.java:99] element found success: By.xpath: //a[contains(@href, 'logout')]
2023-10-25 17:16:50,275 INFO m.WDListener [WDListener.java:105] start method click
2023-10-25 17:16:50,317 INFO m.WDListener [WDListener.java:111] done method click
2023-10-25 17:16:50,318 INFO m.TestNGListener [TestNGListener.java:15] started test: positiveLoginUserDTO
2023-10-25 17:16:50,319 INFO m.WDListener [WDListener.java:93] before find element: By.xpath: //a[contains(@href, '/login')]
2023-10-25 17:16:50,333 INFO m.WDListener [WDListener.java:99] element found success: By.xpath: //a[contains(@href, '/login')]
2023-10-25 17:16:50,333 INFO m.WDListener [WDListener.java:105] start method click
2023-10-25 17:16:50,366 INFO m.WDListener [WDListener.java:111] done method click
2023-10-25 17:16:50,366 INFO m.WDListener [WDListener.java:93] before find element: By.xpath: //input[@id='email']
2023-10-25 17:16:50,379 INFO m.WDListener [WDListener.java:99] element found success: By.xpath: //input[@id='email']
2023-10-25 17:16:50,380 INFO m.WDListener [WDListener.java:105] start method click
2023-10-25 17:16:50,413 INFO m.WDListener [WDListener.java:111] done method click
2023-10-25 17:16:50,483 INFO m.WDListener [WDListener.java:93] before find element: By.xpath: //input[@id='password']
2023-10-25 17:16:50,504 INFO m.WDListener [WDListener.java:99] element found success: By.xpath: //input[@id='password']
2023-10-25 17:16:50,504 INFO m.WDListener [WDListener.java:105] start method click
2023-10-25 17:16:50,538 INFO m.WDListener [WDListener.java:111] done method click
2023-10-25 17:16:50,599 INFO m.WDListener [WDListener.java:93] before find element: By.xpath: //button[@type='submit']
2023-10-25 17:16:50,611 INFO m.WDListener [WDListener.java:99] element found success: By.xpath: //button[@type='submit']
2023-10-25 17:16:50,611 INFO m.WDListener [WDListener.java:105] start method click
2023-10-25 17:16:50,644 INFO m.WDListener [WDListener.java:111] done method click
2023-10-25 17:16:50,644 INFO m.WDListener [WDListener.java:93] before find element: By.xpath: //h2[@class='message']
2023-10-25 17:16:50,902 INFO m.WDListener [WDListener.java:99] element found success: By.xpath: //h2[@class='message']
2023-10-25 17:16:50,907 INFO m.WDListener [WDListener.java:182] get text from the element with text: Logged in success
2023-10-25 17:16:50,911 INFO m.WDListener [WDListener.java:188] got the text successful
2023-10-25 17:16:50,912 INFO m.TestNGListener [TestNGListener.java:21] test success: positiveLoginUserDTO
2023-10-25 17:16:50,912 INFO m.WDListener [WDListener.java:127] start execute js script: document.querySelector(`[type='button']`).click();
2023-10-25 17:16:50,934 INFO m.WDListener [WDListener.java:133] script executed success
2023-10-25 17:16:50,935 INFO m.WDListener [WDListener.java:93] before find element: By.xpath: //div[@class='dialog-container']//h1[@class='title']
2023-10-25 17:16:50,948 INFO m.WDListener [WDListener.java:99] element found success: By.xpath: //div[@class='dialog-container']//h1[@class='title']
2023-10-25 17:16:50,949 INFO m.WDListener [WDListener.java:105] start method click
2023-10-25 17:16:50,974 INFO m.WDListener [WDListener.java:111] done method click
2023-10-25 17:16:52,013 INFO t.BaseTest [BaseTest.java:45] stop method: positiveLoginUserDTOWith
2023-10-25 17:16:52,014 INFO t.BaseTest [BaseTest.java:40] start method: positiveLoginUserDTOWith
2023-10-25 17:16:52,014 INFO m.WDListener [WDListener.java:93] before find element: By.xpath: //a[contains(@href, 'logout')]
2023-10-25 17:16:52,032 INFO m.WDListener [WDListener.java:99] element found success: By.xpath: //a[contains(@href, 'logout')]
2023-10-25 17:16:52,032 INFO m.WDListener [WDListener.java:93] before find element: By.xpath: //a[contains(@href, 'logout')]
2023-10-25 17:16:52,047 INFO m.WDListener [WDListener.java:99] element found success: By.xpath: //a[contains(@href, 'logout')]
2023-10-25 17:16:52,048 INFO m.WDListener [WDListener.java:105] start method click
2023-10-25 17:16:52,086 INFO m.WDListener [WDListener.java:111] done method click
2023-10-25 17:16:52,087 INFO m.TestNGListener [TestNGListener.java:15] started test: positiveLoginUserDTOWith
2023-10-25 17:16:52,088 INFO m.WDListener [WDListener.java:93] before find element: By.xpath: //a[contains(@href, '/login')]
2023-10-25 17:16:52,095 INFO m.WDListener [WDListener.java:99] element found success: By.xpath: //a[contains(@href, '/login')]
2023-10-25 17:16:52,095 INFO m.WDListener [WDListener.java:105] start method click
2023-10-25 17:16:52,128 INFO m.WDListener [WDListener.java:111] done method click
2023-10-25 17:16:52,128 INFO m.WDListener [WDListener.java:93] before find element: By.xpath: //input[@id='email']
2023-10-25 17:16:52,143 INFO m.WDListener [WDListener.java:99] element found success: By.xpath: //input[@id='email']
2023-10-25 17:16:52,143 INFO m.WDListener [WDListener.java:105] start method click
2023-10-25 17:16:52,173 INFO m.WDListener [WDListener.java:111] done method click
2023-10-25 17:16:52,247 INFO m.WDListener [WDListener.java:93] before find element: By.xpath: //input[@id='password']
2023-10-25 17:16:52,266 INFO m.WDListener [WDListener.java:99] element found success: By.xpath: //input[@id='password']
2023-10-25 17:16:52,266 INFO m.WDListener [WDListener.java:105] start method click
2023-10-25 17:16:52,299 INFO m.WDListener [WDListener.java:111] done method click
2023-10-25 17:16:52,362 INFO m.WDListener [WDListener.java:93] before find element: By.xpath: //button[@type='submit']
2023-10-25 17:16:52,377 INFO m.WDListener [WDListener.java:99] element found success: By.xpath: //button[@type='submit']
2023-10-25 17:16:52,378 INFO m.WDListener [WDListener.java:105] start method click
2023-10-25 17:16:52,409 INFO m.WDListener [WDListener.java:111] done method click
2023-10-25 17:16:52,410 INFO m.WDListener [WDListener.java:93] before find element: By.xpath: //h2[@class='message']
2023-10-25 17:16:52,668 INFO m.WDListener [WDListener.java:99] element found success: By.xpath: //h2[@class='message']
2023-10-25 17:16:52,673 INFO m.WDListener [WDListener.java:182] get text from the element with text: Logged in success
2023-10-25 17:16:52,678 INFO m.WDListener [WDListener.java:188] got the text successful
2023-10-25 17:16:52,678 INFO m.TestNGListener [TestNGListener.java:21] test success: positiveLoginUserDTOWith
2023-10-25 17:16:52,678 INFO m.WDListener [WDListener.java:127] start execute js script: document.querySelector(`[type='button']`).click();
2023-10-25 17:16:52,699 INFO m.WDListener [WDListener.java:133] script executed success
2023-10-25 17:16:52,699 INFO m.WDListener [WDListener.java:93] before find element: By.xpath: //div[@class='dialog-container']//h1[@class='title']
2023-10-25 17:16:52,715 INFO m.WDListener [WDListener.java:99] element found success: By.xpath: //div[@class='dialog-container']//h1[@class='title']
2023-10-25 17:16:52,716 INFO m.WDListener [WDListener.java:105] start method click
2023-10-25 17:16:52,744 INFO m.WDListener [WDListener.java:111] done method click
2023-10-25 17:16:53,783 INFO t.BaseTest [BaseTest.java:45] stop method: negativeRegistrationBlankEmail
2023-10-25 17:16:53,784 INFO t.BaseTest [BaseTest.java:40] start method: negativeRegistrationBlankEmail
2023-10-25 17:16:53,784 INFO m.TestNGListener [TestNGListener.java:15] started test: negativeRegistrationBlankEmail
2023-10-25 17:16:53,784 INFO m.WDListener [WDListener.java:93] before find element: By.xpath: //a[contains(@href, '/registration')]
2023-10-25 17:16:57,837 INFO m.WDListener [WDListener.java:149] start on exception in WDListener class
2023-10-25 17:16:57,838 INFO m.WDListener [WDListener.java:151] created name for the screenshot: src/test/screenshots/screenshot-2023-10-25_17_16_57.png
2023-10-25 17:16:57,838 ERROR m.WDListener [WDListener.java:152] no such element: Unable to locate element: {"method":"xpath","selector":"//a[contains(@href, '/registration')]"}
  (Session info: chrome=118.0.5993.89)
For documentation on this error, please visit: https://www.seleniumhq.org/exceptions/no_such_element.html
Build info: version: '3.141.59', revision: 'e82be7d358', time: '2018-11-14T08:17:03'
System info: host: 'DESKTOP-QVVLA5E', ip: '192.168.1.166', os.name: 'Windows 10', os.arch: 'amd64', os.version: '10.0', java.version: '1.8.0_333'
Driver info: org.openqa.selenium.chrome.ChromeDriver
Capabilities {acceptInsecureCerts: false, browserName: chrome, browserVersion: 118.0.5993.89, chrome: {chromedriverVersion: 118.0.5993.70 (e52f33f30b91..., userDataDir: C:\Users\filin\AppData\Loca...}, fedcm:accounts: true, goog:chromeOptions: {debuggerAddress: localhost:61496}, javascriptEnabled: true, networkConnectionEnabled: false, pageLoadStrategy: normal, platform: WINDOWS, platformName: WINDOWS, proxy: Proxy(), setWindowRect: true, strictFileInteractability: false, timeouts: {implicit: 0, pageLoad: 300000, script: 30000}, unhandledPromptBehavior: dismiss and notify, webauthn:extension:credBlob: true, webauthn:extension:largeBlob: true, webauthn:extension:minPinLength: true, webauthn:extension:prf: true, webauthn:virtualAuthenticators: true}
Session ID: c9306f448dc06ac908246b5c929edbe5
*** Element info: {Using=xpath, value=//a[contains(@href, '/registration')]}
2023-10-25 17:16:57,838 ERROR m.WDListener [WDListener.java:153] [sun.reflect.NativeConstructorAccessorImpl.newInstance0(Native Method), sun.reflect.NativeConstructorAccessorImpl.newInstance(NativeConstructorAccessorImpl.java:62), sun.reflect.DelegatingConstructorAccessorImpl.newInstance(DelegatingConstructorAccessorImpl.java:45), java.lang.reflect.Constructor.newInstance(Constructor.java:423), org.openqa.selenium.remote.http.W3CHttpResponseCodec.createException(W3CHttpResponseCodec.java:187), org.openqa.selenium.remote.http.W3CHttpResponseCodec.decode(W3CHttpResponseCodec.java:122), org.openqa.selenium.remote.http.W3CHttpResponseCodec.decode(W3CHttpResponseCodec.java:49), org.openqa.selenium.remote.HttpCommandExecutor.execute(HttpCommandExecutor.java:158), org.openqa.selenium.remote.service.DriverCommandExecutor.execute(DriverCommandExecutor.java:83), org.openqa.selenium.remote.RemoteWebDriver.execute(RemoteWebDriver.java:552), org.openqa.selenium.remote.RemoteWebDriver.findElement(RemoteWebDriver.java:323), org.openqa.selenium.remote.RemoteWebDriver.findElementByXPath(RemoteWebDriver.java:428), org.openqa.selenium.By$ByXPath.findElement(By.java:353), org.openqa.selenium.remote.RemoteWebDriver.findElement(RemoteWebDriver.java:315), sun.reflect.GeneratedMethodAccessor4.invoke(Unknown Source), sun.reflect.DelegatingMethodAccessorImpl.invoke(DelegatingMethodAccessorImpl.java:43), java.lang.reflect.Method.invoke(Method.java:498), org.openqa.selenium.support.events.EventFiringWebDriver.lambda$new$1(EventFiringWebDriver.java:105), com.sun.proxy.$Proxy16.findElement(Unknown Source), org.openqa.selenium.support.events.EventFiringWebDriver.findElement(EventFiringWebDriver.java:194), manager.BaseHelper.findElementBase(BaseHelper.java:23), manager.BaseHelper.clickBase(BaseHelper.java:35), manager.UserHelper.fillRegistrationForm(UserHelper.java:81), tests.RegistrationTests.negativeRegistrationBlankEmail(RegistrationTests.java:77), sun.reflect.NativeMethodAccessorImpl.invoke0(Native Method), sun.reflect.NativeMethodAccessorImpl.invoke(NativeMethodAccessorImpl.java:62), sun.reflect.DelegatingMethodAccessorImpl.invoke(DelegatingMethodAccessorImpl.java:43), java.lang.reflect.Method.invoke(Method.java:498), org.testng.internal.MethodInvocationHelper.invokeMethod(MethodInvocationHelper.java:133), org.testng.internal.TestInvoker.invokeMethod(TestInvoker.java:598), org.testng.internal.TestInvoker.invokeTestMethod(TestInvoker.java:173), org.testng.internal.MethodRunner.runInSequence(MethodRunner.java:46), org.testng.internal.TestInvoker$MethodInvocationAgent.invoke(TestInvoker.java:824), org.testng.internal.TestInvoker.invokeTestMethods(TestInvoker.java:146), org.testng.internal.TestMethodWorker.invokeTestMethods(TestMethodWorker.java:146), org.testng.internal.TestMethodWorker.run(TestMethodWorker.java:128), java.util.ArrayList.forEach(ArrayList.java:1259), org.testng.TestRunner.privateRun(TestRunner.java:794), org.testng.TestRunner.run(TestRunner.java:596), org.testng.SuiteRunner.runTest(SuiteRunner.java:377), org.testng.SuiteRunner.runSequentially(SuiteRunner.java:371), org.testng.SuiteRunner.privateRun(SuiteRunner.java:332), org.testng.SuiteRunner.run(SuiteRunner.java:276), org.testng.SuiteRunnerWorker.runSuite(SuiteRunnerWorker.java:53), org.testng.SuiteRunnerWorker.run(SuiteRunnerWorker.java:96), org.testng.TestNG.runSuitesSequentially(TestNG.java:1212), org.testng.TestNG.runSuitesLocally(TestNG.java:1134), org.testng.TestNG.runSuites(TestNG.java:1063), org.testng.TestNG.run(TestNG.java:1031), org.gradle.api.internal.tasks.testing.testng.TestNGTestClassProcessor.runTests(TestNGTestClassProcessor.java:141), org.gradle.api.internal.tasks.testing.testng.TestNGTestClassProcessor.stop(TestNGTestClassProcessor.java:90), org.gradle.api.internal.tasks.testing.SuiteTestClassProcessor.stop(SuiteTestClassProcessor.java:61), sun.reflect.NativeMethodAccessorImpl.invoke0(Native Method), sun.reflect.NativeMethodAccessorImpl.invoke(NativeMethodAccessorImpl.java:62), sun.reflect.DelegatingMethodAccessorImpl.invoke(DelegatingMethodAccessorImpl.java:43), java.lang.reflect.Method.invoke(Method.java:498), org.gradle.internal.dispatch.ReflectionDispatch.dispatch(ReflectionDispatch.java:36), org.gradle.internal.dispatch.ReflectionDispatch.dispatch(ReflectionDispatch.java:24), org.gradle.internal.dispatch.ContextClassLoaderDispatch.dispatch(ContextClassLoaderDispatch.java:33), org.gradle.internal.dispatch.ProxyDispatchAdapter$DispatchingInvocationHandler.invoke(ProxyDispatchAdapter.java:94), com.sun.proxy.$Proxy2.stop(Unknown Source), org.gradle.api.internal.tasks.testing.worker.TestWorker$3.run(TestWorker.java:193), org.gradle.api.internal.tasks.testing.worker.TestWorker.executeAndMaintainThreadName(TestWorker.java:129), org.gradle.api.internal.tasks.testing.worker.TestWorker.execute(TestWorker.java:100), org.gradle.api.internal.tasks.testing.worker.TestWorker.execute(TestWorker.java:60), org.gradle.process.internal.worker.child.ActionExecutionWorker.execute(ActionExecutionWorker.java:56), org.gradle.process.internal.worker.child.SystemApplicationClassLoaderWorker.call(SystemApplicationClassLoaderWorker.java:133), org.gradle.process.internal.worker.child.SystemApplicationClassLoaderWorker.call(SystemApplicationClassLoaderWorker.java:71), worker.org.gradle.process.internal.worker.GradleWorkerMain.run(GradleWorkerMain.java:69), worker.org.gradle.process.internal.worker.GradleWorkerMain.main(GradleWorkerMain.java:74)]
2023-10-25 17:16:57,839 ERROR m.WDListener [WDListener.java:154] org.openqa.selenium.NoSuchElementException: no such element: Unable to locate element: {"method":"xpath","selector":"//a[contains(@href, '/registration')]"}
  (Session info: chrome=118.0.5993.89)
For documentation on this error, please visit: https://www.seleniumhq.org/exceptions/no_such_element.html
Build info: version: '3.141.59', revision: 'e82be7d358', time: '2018-11-14T08:17:03'
System info: host: 'DESKTOP-QVVLA5E', ip: '192.168.1.166', os.name: 'Windows 10', os.arch: 'amd64', os.version: '10.0', java.version: '1.8.0_333'
Driver info: org.openqa.selenium.chrome.ChromeDriver
Capabilities {acceptInsecureCerts: false, browserName: chrome, browserVersion: 118.0.5993.89, chrome: {chromedriverVersion: 118.0.5993.70 (e52f33f30b91..., userDataDir: C:\Users\filin\AppData\Loca...}, fedcm:accounts: true, goog:chromeOptions: {debuggerAddress: localhost:61496}, javascriptEnabled: true, networkConnectionEnabled: false, pageLoadStrategy: normal, platform: WINDOWS, platformName: WINDOWS, proxy: Proxy(), setWindowRect: true, strictFileInteractability: false, timeouts: {implicit: 0, pageLoad: 300000, script: 30000}, unhandledPromptBehavior: dismiss and notify, webauthn:extension:credBlob: true, webauthn:extension:largeBlob: true, webauthn:extension:minPinLength: true, webauthn:extension:prf: true, webauthn:virtualAuthenticators: true}
Session ID: c9306f448dc06ac908246b5c929edbe5
*** Element info: {Using=xpath, value=//a[contains(@href, '/registration')]}
2023-10-25 17:16:58,168 INFO m.TestNGListener [TestNGListener.java:27] test failure: negativeRegistrationBlankEmail
2023-10-25 17:16:58,169 INFO t.BaseTest [BaseTest.java:45] stop method: negativeRegistrationWrongEmail
2023-10-25 17:16:58,169 INFO t.BaseTest [BaseTest.java:40] start method: negativeRegistrationWrongEmail
2023-10-25 17:16:58,170 INFO m.TestNGListener [TestNGListener.java:15] started test: negativeRegistrationWrongEmail
2023-10-25 17:16:58,170 INFO m.WDListener [WDListener.java:93] before find element: By.xpath: //a[contains(@href, '/registration')]
2023-10-25 17:17:02,209 INFO m.WDListener [WDListener.java:149] start on exception in WDListener class
2023-10-25 17:17:02,209 INFO m.WDListener [WDListener.java:151] created name for the screenshot: src/test/screenshots/screenshot-2023-10-25_17_17_02.png
2023-10-25 17:17:02,209 ERROR m.WDListener [WDListener.java:152] no such element: Unable to locate element: {"method":"xpath","selector":"//a[contains(@href, '/registration')]"}
  (Session info: chrome=118.0.5993.89)
For documentation on this error, please visit: https://www.seleniumhq.org/exceptions/no_such_element.html
Build info: version: '3.141.59', revision: 'e82be7d358', time: '2018-11-14T08:17:03'
System info: host: 'DESKTOP-QVVLA5E', ip: '192.168.1.166', os.name: 'Windows 10', os.arch: 'amd64', os.version: '10.0', java.version: '1.8.0_333'
Driver info: org.openqa.selenium.chrome.ChromeDriver
Capabilities {acceptInsecureCerts: false, browserName: chrome, browserVersion: 118.0.5993.89, chrome: {chromedriverVersion: 118.0.5993.70 (e52f33f30b91..., userDataDir: C:\Users\filin\AppData\Loca...}, fedcm:accounts: true, goog:chromeOptions: {debuggerAddress: localhost:61496}, javascriptEnabled: true, networkConnectionEnabled: false, pageLoadStrategy: normal, platform: WINDOWS, platformName: WINDOWS, proxy: Proxy(), setWindowRect: true, strictFileInteractability: false, timeouts: {implicit: 0, pageLoad: 300000, script: 30000}, unhandledPromptBehavior: dismiss and notify, webauthn:extension:credBlob: true, webauthn:extension:largeBlob: true, webauthn:extension:minPinLength: true, webauthn:extension:prf: true, webauthn:virtualAuthenticators: true}
Session ID: c9306f448dc06ac908246b5c929edbe5
*** Element info: {Using=xpath, value=//a[contains(@href, '/registration')]}
2023-10-25 17:17:02,210 ERROR m.WDListener [WDListener.java:153] [sun.reflect.NativeConstructorAccessorImpl.newInstance0(Native Method), sun.reflect.NativeConstructorAccessorImpl.newInstance(NativeConstructorAccessorImpl.java:62), sun.reflect.DelegatingConstructorAccessorImpl.newInstance(DelegatingConstructorAccessorImpl.java:45), java.lang.reflect.Constructor.newInstance(Constructor.java:423), org.openqa.selenium.remote.http.W3CHttpResponseCodec.createException(W3CHttpResponseCodec.java:187), org.openqa.selenium.remote.http.W3CHttpResponseCodec.decode(W3CHttpResponseCodec.java:122), org.openqa.selenium.remote.http.W3CHttpResponseCodec.decode(W3CHttpResponseCodec.java:49), org.openqa.selenium.remote.HttpCommandExecutor.execute(HttpCommandExecutor.java:158), org.openqa.selenium.remote.service.DriverCommandExecutor.execute(DriverCommandExecutor.java:83), org.openqa.selenium.remote.RemoteWebDriver.execute(RemoteWebDriver.java:552), org.openqa.selenium.remote.RemoteWebDriver.findElement(RemoteWebDriver.java:323), org.openqa.selenium.remote.RemoteWebDriver.findElementByXPath(RemoteWebDriver.java:428), org.openqa.selenium.By$ByXPath.findElement(By.java:353), org.openqa.selenium.remote.RemoteWebDriver.findElement(RemoteWebDriver.java:315), sun.reflect.GeneratedMethodAccessor4.invoke(Unknown Source), sun.reflect.DelegatingMethodAccessorImpl.invoke(DelegatingMethodAccessorImpl.java:43), java.lang.reflect.Method.invoke(Method.java:498), org.openqa.selenium.support.events.EventFiringWebDriver.lambda$new$1(EventFiringWebDriver.java:105), com.sun.proxy.$Proxy16.findElement(Unknown Source), org.openqa.selenium.support.events.EventFiringWebDriver.findElement(EventFiringWebDriver.java:194), manager.BaseHelper.findElementBase(BaseHelper.java:23), manager.BaseHelper.clickBase(BaseHelper.java:35), manager.UserHelper.fillRegistrationForm(UserHelper.java:81), tests.RegistrationTests.negativeRegistrationWrongEmail(RegistrationTests.java:45), sun.reflect.NativeMethodAccessorImpl.invoke0(Native Method), sun.reflect.NativeMethodAccessorImpl.invoke(NativeMethodAccessorImpl.java:62), sun.reflect.DelegatingMethodAccessorImpl.invoke(DelegatingMethodAccessorImpl.java:43), java.lang.reflect.Method.invoke(Method.java:498), org.testng.internal.MethodInvocationHelper.invokeMethod(MethodInvocationHelper.java:133), org.testng.internal.TestInvoker.invokeMethod(TestInvoker.java:598), org.testng.internal.TestInvoker.invokeTestMethod(TestInvoker.java:173), org.testng.internal.MethodRunner.runInSequence(MethodRunner.java:46), org.testng.internal.TestInvoker$MethodInvocationAgent.invoke(TestInvoker.java:824), org.testng.internal.TestInvoker.invokeTestMethods(TestInvoker.java:146), org.testng.internal.TestMethodWorker.invokeTestMethods(TestMethodWorker.java:146), org.testng.internal.TestMethodWorker.run(TestMethodWorker.java:128), java.util.ArrayList.forEach(ArrayList.java:1259), org.testng.TestRunner.privateRun(TestRunner.java:794), org.testng.TestRunner.run(TestRunner.java:596), org.testng.SuiteRunner.runTest(SuiteRunner.java:377), org.testng.SuiteRunner.runSequentially(SuiteRunner.java:371), org.testng.SuiteRunner.privateRun(SuiteRunner.java:332), org.testng.SuiteRunner.run(SuiteRunner.java:276), org.testng.SuiteRunnerWorker.runSuite(SuiteRunnerWorker.java:53), org.testng.SuiteRunnerWorker.run(SuiteRunnerWorker.java:96), org.testng.TestNG.runSuitesSequentially(TestNG.java:1212), org.testng.TestNG.runSuitesLocally(TestNG.java:1134), org.testng.TestNG.runSuites(TestNG.java:1063), org.testng.TestNG.run(TestNG.java:1031), org.gradle.api.internal.tasks.testing.testng.TestNGTestClassProcessor.runTests(TestNGTestClassProcessor.java:141), org.gradle.api.internal.tasks.testing.testng.TestNGTestClassProcessor.stop(TestNGTestClassProcessor.java:90), org.gradle.api.internal.tasks.testing.SuiteTestClassProcessor.stop(SuiteTestClassProcessor.java:61), sun.reflect.NativeMethodAccessorImpl.invoke0(Native Method), sun.reflect.NativeMethodAccessorImpl.invoke(NativeMethodAccessorImpl.java:62), sun.reflect.DelegatingMethodAccessorImpl.invoke(DelegatingMethodAccessorImpl.java:43), java.lang.reflect.Method.invoke(Method.java:498), org.gradle.internal.dispatch.ReflectionDispatch.dispatch(ReflectionDispatch.java:36), org.gradle.internal.dispatch.ReflectionDispatch.dispatch(ReflectionDispatch.java:24), org.gradle.internal.dispatch.ContextClassLoaderDispatch.dispatch(ContextClassLoaderDispatch.java:33), org.gradle.internal.dispatch.ProxyDispatchAdapter$DispatchingInvocationHandler.invoke(ProxyDispatchAdapter.java:94), com.sun.proxy.$Proxy2.stop(Unknown Source), org.gradle.api.internal.tasks.testing.worker.TestWorker$3.run(TestWorker.java:193), org.gradle.api.internal.tasks.testing.worker.TestWorker.executeAndMaintainThreadName(TestWorker.java:129), org.gradle.api.internal.tasks.testing.worker.TestWorker.execute(TestWorker.java:100), org.gradle.api.internal.tasks.testing.worker.TestWorker.execute(TestWorker.java:60), org.gradle.process.internal.worker.child.ActionExecutionWorker.execute(ActionExecutionWorker.java:56), org.gradle.process.internal.worker.child.SystemApplicationClassLoaderWorker.call(SystemApplicationClassLoaderWorker.java:133), org.gradle.process.internal.worker.child.SystemApplicationClassLoaderWorker.call(SystemApplicationClassLoaderWorker.java:71), worker.org.gradle.process.internal.worker.GradleWorkerMain.run(GradleWorkerMain.java:69), worker.org.gradle.process.internal.worker.GradleWorkerMain.main(GradleWorkerMain.java:74)]
2023-10-25 17:17:02,210 ERROR m.WDListener [WDListener.java:154] org.openqa.selenium.NoSuchElementException: no such element: Unable to locate element: {"method":"xpath","selector":"//a[contains(@href, '/registration')]"}
  (Session info: chrome=118.0.5993.89)
For documentation on this error, please visit: https://www.seleniumhq.org/exceptions/no_such_element.html
Build info: version: '3.141.59', revision: 'e82be7d358', time: '2018-11-14T08:17:03'
System info: host: 'DESKTOP-QVVLA5E', ip: '192.168.1.166', os.name: 'Windows 10', os.arch: 'amd64', os.version: '10.0', java.version: '1.8.0_333'
Driver info: org.openqa.selenium.chrome.ChromeDriver
Capabilities {acceptInsecureCerts: false, browserName: chrome, browserVersion: 118.0.5993.89, chrome: {chromedriverVersion: 118.0.5993.70 (e52f33f30b91..., userDataDir: C:\Users\filin\AppData\Loca...}, fedcm:accounts: true, goog:chromeOptions: {debuggerAddress: localhost:61496}, javascriptEnabled: true, networkConnectionEnabled: false, pageLoadStrategy: normal, platform: WINDOWS, platformName: WINDOWS, proxy: Proxy(), setWindowRect: true, strictFileInteractability: false, timeouts: {implicit: 0, pageLoad: 300000, script: 30000}, unhandledPromptBehavior: dismiss and notify, webauthn:extension:credBlob: true, webauthn:extension:largeBlob: true, webauthn:extension:minPinLength: true, webauthn:extension:prf: true, webauthn:virtualAuthenticators: true}
Session ID: c9306f448dc06ac908246b5c929edbe5
*** Element info: {Using=xpath, value=//a[contains(@href, '/registration')]}
2023-10-25 17:17:02,522 INFO m.TestNGListener [TestNGListener.java:27] test failure: negativeRegistrationWrongEmail
2023-10-25 17:17:02,523 INFO t.BaseTest [BaseTest.java:45] stop method: negativeRegistrationWrongPassword
2023-10-25 17:17:02,524 INFO t.BaseTest [BaseTest.java:40] start method: negativeRegistrationWrongPassword
2023-10-25 17:17:02,524 INFO m.TestNGListener [TestNGListener.java:15] started test: negativeRegistrationWrongPassword
2023-10-25 17:17:02,524 INFO m.WDListener [WDListener.java:93] before find element: By.xpath: //a[contains(@href, '/registration')]
2023-10-25 17:17:06,560 INFO m.WDListener [WDListener.java:149] start on exception in WDListener class
2023-10-25 17:17:06,561 INFO m.WDListener [WDListener.java:151] created name for the screenshot: src/test/screenshots/screenshot-2023-10-25_17_17_06.png
2023-10-25 17:17:06,561 ERROR m.WDListener [WDListener.java:152] no such element: Unable to locate element: {"method":"xpath","selector":"//a[contains(@href, '/registration')]"}
  (Session info: chrome=118.0.5993.89)
For documentation on this error, please visit: https://www.seleniumhq.org/exceptions/no_such_element.html
Build info: version: '3.141.59', revision: 'e82be7d358', time: '2018-11-14T08:17:03'
System info: host: 'DESKTOP-QVVLA5E', ip: '192.168.1.166', os.name: 'Windows 10', os.arch: 'amd64', os.version: '10.0', java.version: '1.8.0_333'
Driver info: org.openqa.selenium.chrome.ChromeDriver
Capabilities {acceptInsecureCerts: false, browserName: chrome, browserVersion: 118.0.5993.89, chrome: {chromedriverVersion: 118.0.5993.70 (e52f33f30b91..., userDataDir: C:\Users\filin\AppData\Loca...}, fedcm:accounts: true, goog:chromeOptions: {debuggerAddress: localhost:61496}, javascriptEnabled: true, networkConnectionEnabled: false, pageLoadStrategy: normal, platform: WINDOWS, platformName: WINDOWS, proxy: Proxy(), setWindowRect: true, strictFileInteractability: false, timeouts: {implicit: 0, pageLoad: 300000, script: 30000}, unhandledPromptBehavior: dismiss and notify, webauthn:extension:credBlob: true, webauthn:extension:largeBlob: true, webauthn:extension:minPinLength: true, webauthn:extension:prf: true, webauthn:virtualAuthenticators: true}
Session ID: c9306f448dc06ac908246b5c929edbe5
*** Element info: {Using=xpath, value=//a[contains(@href, '/registration')]}
2023-10-25 17:17:06,561 ERROR m.WDListener [WDListener.java:153] [sun.reflect.NativeConstructorAccessorImpl.newInstance0(Native Method), sun.reflect.NativeConstructorAccessorImpl.newInstance(NativeConstructorAccessorImpl.java:62), sun.reflect.DelegatingConstructorAccessorImpl.newInstance(DelegatingConstructorAccessorImpl.java:45), java.lang.reflect.Constructor.newInstance(Constructor.java:423), org.openqa.selenium.remote.http.W3CHttpResponseCodec.createException(W3CHttpResponseCodec.java:187), org.openqa.selenium.remote.http.W3CHttpResponseCodec.decode(W3CHttpResponseCodec.java:122), org.openqa.selenium.remote.http.W3CHttpResponseCodec.decode(W3CHttpResponseCodec.java:49), org.openqa.selenium.remote.HttpCommandExecutor.execute(HttpCommandExecutor.java:158), org.openqa.selenium.remote.service.DriverCommandExecutor.execute(DriverCommandExecutor.java:83), org.openqa.selenium.remote.RemoteWebDriver.execute(RemoteWebDriver.java:552), org.openqa.selenium.remote.RemoteWebDriver.findElement(RemoteWebDriver.java:323), org.openqa.selenium.remote.RemoteWebDriver.findElementByXPath(RemoteWebDriver.java:428), org.openqa.selenium.By$ByXPath.findElement(By.java:353), org.openqa.selenium.remote.RemoteWebDriver.findElement(RemoteWebDriver.java:315), sun.reflect.GeneratedMethodAccessor4.invoke(Unknown Source), sun.reflect.DelegatingMethodAccessorImpl.invoke(DelegatingMethodAccessorImpl.java:43), java.lang.reflect.Method.invoke(Method.java:498), org.openqa.selenium.support.events.EventFiringWebDriver.lambda$new$1(EventFiringWebDriver.java:105), com.sun.proxy.$Proxy16.findElement(Unknown Source), org.openqa.selenium.support.events.EventFiringWebDriver.findElement(EventFiringWebDriver.java:194), manager.BaseHelper.findElementBase(BaseHelper.java:23), manager.BaseHelper.clickBase(BaseHelper.java:35), manager.UserHelper.fillRegistrationForm(UserHelper.java:81), tests.RegistrationTests.negativeRegistrationWrongPassword(RegistrationTests.java:61), sun.reflect.NativeMethodAccessorImpl.invoke0(Native Method), sun.reflect.NativeMethodAccessorImpl.invoke(NativeMethodAccessorImpl.java:62), sun.reflect.DelegatingMethodAccessorImpl.invoke(DelegatingMethodAccessorImpl.java:43), java.lang.reflect.Method.invoke(Method.java:498), org.testng.internal.MethodInvocationHelper.invokeMethod(MethodInvocationHelper.java:133), org.testng.internal.TestInvoker.invokeMethod(TestInvoker.java:598), org.testng.internal.TestInvoker.invokeTestMethod(TestInvoker.java:173), org.testng.internal.MethodRunner.runInSequence(MethodRunner.java:46), org.testng.internal.TestInvoker$MethodInvocationAgent.invoke(TestInvoker.java:824), org.testng.internal.TestInvoker.invokeTestMethods(TestInvoker.java:146), org.testng.internal.TestMethodWorker.invokeTestMethods(TestMethodWorker.java:146), org.testng.internal.TestMethodWorker.run(TestMethodWorker.java:128), java.util.ArrayList.forEach(ArrayList.java:1259), org.testng.TestRunner.privateRun(TestRunner.java:794), org.testng.TestRunner.run(TestRunner.java:596), org.testng.SuiteRunner.runTest(SuiteRunner.java:377), org.testng.SuiteRunner.runSequentially(SuiteRunner.java:371), org.testng.SuiteRunner.privateRun(SuiteRunner.java:332), org.testng.SuiteRunner.run(SuiteRunner.java:276), org.testng.SuiteRunnerWorker.runSuite(SuiteRunnerWorker.java:53), org.testng.SuiteRunnerWorker.run(SuiteRunnerWorker.java:96), org.testng.TestNG.runSuitesSequentially(TestNG.java:1212), org.testng.TestNG.runSuitesLocally(TestNG.java:1134), org.testng.TestNG.runSuites(TestNG.java:1063), org.testng.TestNG.run(TestNG.java:1031), org.gradle.api.internal.tasks.testing.testng.TestNGTestClassProcessor.runTests(TestNGTestClassProcessor.java:141), org.gradle.api.internal.tasks.testing.testng.TestNGTestClassProcessor.stop(TestNGTestClassProcessor.java:90), org.gradle.api.internal.tasks.testing.SuiteTestClassProcessor.stop(SuiteTestClassProcessor.java:61), sun.reflect.NativeMethodAccessorImpl.invoke0(Native Method), sun.reflect.NativeMethodAccessorImpl.invoke(NativeMethodAccessorImpl.java:62), sun.reflect.DelegatingMethodAccessorImpl.invoke(DelegatingMethodAccessorImpl.java:43), java.lang.reflect.Method.invoke(Method.java:498), org.gradle.internal.dispatch.ReflectionDispatch.dispatch(ReflectionDispatch.java:36), org.gradle.internal.dispatch.ReflectionDispatch.dispatch(ReflectionDispatch.java:24), org.gradle.internal.dispatch.ContextClassLoaderDispatch.dispatch(ContextClassLoaderDispatch.java:33), org.gradle.internal.dispatch.ProxyDispatchAdapter$DispatchingInvocationHandler.invoke(ProxyDispatchAdapter.java:94), com.sun.proxy.$Proxy2.stop(Unknown Source), org.gradle.api.internal.tasks.testing.worker.TestWorker$3.run(TestWorker.java:193), org.gradle.api.internal.tasks.testing.worker.TestWorker.executeAndMaintainThreadName(TestWorker.java:129), org.gradle.api.internal.tasks.testing.worker.TestWorker.execute(TestWorker.java:100), org.gradle.api.internal.tasks.testing.worker.TestWorker.execute(TestWorker.java:60), org.gradle.process.internal.worker.child.ActionExecutionWorker.execute(ActionExecutionWorker.java:56), org.gradle.process.internal.worker.child.SystemApplicationClassLoaderWorker.call(SystemApplicationClassLoaderWorker.java:133), org.gradle.process.internal.worker.child.SystemApplicationClassLoaderWorker.call(SystemApplicationClassLoaderWorker.java:71), worker.org.gradle.process.internal.worker.GradleWorkerMain.run(GradleWorkerMain.java:69), worker.org.gradle.process.internal.worker.GradleWorkerMain.main(GradleWorkerMain.java:74)]
2023-10-25 17:17:06,561 ERROR m.WDListener [WDListener.java:154] org.openqa.selenium.NoSuchElementException: no such element: Unable to locate element: {"method":"xpath","selector":"//a[contains(@href, '/registration')]"}
  (Session info: chrome=118.0.5993.89)
For documentation on this error, please visit: https://www.seleniumhq.org/exceptions/no_such_element.html
Build info: version: '3.141.59', revision: 'e82be7d358', time: '2018-11-14T08:17:03'
System info: host: 'DESKTOP-QVVLA5E', ip: '192.168.1.166', os.name: 'Windows 10', os.arch: 'amd64', os.version: '10.0', java.version: '1.8.0_333'
Driver info: org.openqa.selenium.chrome.ChromeDriver
Capabilities {acceptInsecureCerts: false, browserName: chrome, browserVersion: 118.0.5993.89, chrome: {chromedriverVersion: 118.0.5993.70 (e52f33f30b91..., userDataDir: C:\Users\filin\AppData\Loca...}, fedcm:accounts: true, goog:chromeOptions: {debuggerAddress: localhost:61496}, javascriptEnabled: true, networkConnectionEnabled: false, pageLoadStrategy: normal, platform: WINDOWS, platformName: WINDOWS, proxy: Proxy(), setWindowRect: true, strictFileInteractability: false, timeouts: {implicit: 0, pageLoad: 300000, script: 30000}, unhandledPromptBehavior: dismiss and notify, webauthn:extension:credBlob: true, webauthn:extension:largeBlob: true, webauthn:extension:minPinLength: true, webauthn:extension:prf: true, webauthn:virtualAuthenticators: true}
Session ID: c9306f448dc06ac908246b5c929edbe5
*** Element info: {Using=xpath, value=//a[contains(@href, '/registration')]}
2023-10-25 17:17:06,873 INFO m.TestNGListener [TestNGListener.java:27] test failure: negativeRegistrationWrongPassword
2023-10-25 17:17:06,874 INFO t.BaseTest [BaseTest.java:45] stop method: positiveRegistration
2023-10-25 17:17:06,874 INFO t.BaseTest [BaseTest.java:40] start method: positiveRegistration
2023-10-25 17:17:06,874 INFO m.TestNGListener [TestNGListener.java:15] started test: positiveRegistration
2023-10-25 17:17:06,875 INFO m.WDListener [WDListener.java:93] before find element: By.xpath: //a[contains(@href, '/registration')]
2023-10-25 17:17:10,920 INFO m.WDListener [WDListener.java:149] start on exception in WDListener class
2023-10-25 17:17:10,921 INFO m.WDListener [WDListener.java:151] created name for the screenshot: src/test/screenshots/screenshot-2023-10-25_17_17_10.png
2023-10-25 17:17:10,921 ERROR m.WDListener [WDListener.java:152] no such element: Unable to locate element: {"method":"xpath","selector":"//a[contains(@href, '/registration')]"}
  (Session info: chrome=118.0.5993.89)
For documentation on this error, please visit: https://www.seleniumhq.org/exceptions/no_such_element.html
Build info: version: '3.141.59', revision: 'e82be7d358', time: '2018-11-14T08:17:03'
System info: host: 'DESKTOP-QVVLA5E', ip: '192.168.1.166', os.name: 'Windows 10', os.arch: 'amd64', os.version: '10.0', java.version: '1.8.0_333'
Driver info: org.openqa.selenium.chrome.ChromeDriver
Capabilities {acceptInsecureCerts: false, browserName: chrome, browserVersion: 118.0.5993.89, chrome: {chromedriverVersion: 118.0.5993.70 (e52f33f30b91..., userDataDir: C:\Users\filin\AppData\Loca...}, fedcm:accounts: true, goog:chromeOptions: {debuggerAddress: localhost:61496}, javascriptEnabled: true, networkConnectionEnabled: false, pageLoadStrategy: normal, platform: WINDOWS, platformName: WINDOWS, proxy: Proxy(), setWindowRect: true, strictFileInteractability: false, timeouts: {implicit: 0, pageLoad: 300000, script: 30000}, unhandledPromptBehavior: dismiss and notify, webauthn:extension:credBlob: true, webauthn:extension:largeBlob: true, webauthn:extension:minPinLength: true, webauthn:extension:prf: true, webauthn:virtualAuthenticators: true}
Session ID: c9306f448dc06ac908246b5c929edbe5
*** Element info: {Using=xpath, value=//a[contains(@href, '/registration')]}
2023-10-25 17:17:10,921 ERROR m.WDListener [WDListener.java:153] [sun.reflect.NativeConstructorAccessorImpl.newInstance0(Native Method), sun.reflect.NativeConstructorAccessorImpl.newInstance(NativeConstructorAccessorImpl.java:62), sun.reflect.DelegatingConstructorAccessorImpl.newInstance(DelegatingConstructorAccessorImpl.java:45), java.lang.reflect.Constructor.newInstance(Constructor.java:423), org.openqa.selenium.remote.http.W3CHttpResponseCodec.createException(W3CHttpResponseCodec.java:187), org.openqa.selenium.remote.http.W3CHttpResponseCodec.decode(W3CHttpResponseCodec.java:122), org.openqa.selenium.remote.http.W3CHttpResponseCodec.decode(W3CHttpResponseCodec.java:49), org.openqa.selenium.remote.HttpCommandExecutor.execute(HttpCommandExecutor.java:158), org.openqa.selenium.remote.service.DriverCommandExecutor.execute(DriverCommandExecutor.java:83), org.openqa.selenium.remote.RemoteWebDriver.execute(RemoteWebDriver.java:552), org.openqa.selenium.remote.RemoteWebDriver.findElement(RemoteWebDriver.java:323), org.openqa.selenium.remote.RemoteWebDriver.findElementByXPath(RemoteWebDriver.java:428), org.openqa.selenium.By$ByXPath.findElement(By.java:353), org.openqa.selenium.remote.RemoteWebDriver.findElement(RemoteWebDriver.java:315), sun.reflect.GeneratedMethodAccessor4.invoke(Unknown Source), sun.reflect.DelegatingMethodAccessorImpl.invoke(DelegatingMethodAccessorImpl.java:43), java.lang.reflect.Method.invoke(Method.java:498), org.openqa.selenium.support.events.EventFiringWebDriver.lambda$new$1(EventFiringWebDriver.java:105), com.sun.proxy.$Proxy16.findElement(Unknown Source), org.openqa.selenium.support.events.EventFiringWebDriver.findElement(EventFiringWebDriver.java:194), manager.BaseHelper.findElementBase(BaseHelper.java:23), manager.BaseHelper.clickBase(BaseHelper.java:35), manager.UserHelper.fillRegistrationForm(UserHelper.java:81), tests.RegistrationTests.positiveRegistration(RegistrationTests.java:93), sun.reflect.NativeMethodAccessorImpl.invoke0(Native Method), sun.reflect.NativeMethodAccessorImpl.invoke(NativeMethodAccessorImpl.java:62), sun.reflect.DelegatingMethodAccessorImpl.invoke(DelegatingMethodAccessorImpl.java:43), java.lang.reflect.Method.invoke(Method.java:498), org.testng.internal.MethodInvocationHelper.invokeMethod(MethodInvocationHelper.java:133), org.testng.internal.TestInvoker.invokeMethod(TestInvoker.java:598), org.testng.internal.TestInvoker.invokeTestMethod(TestInvoker.java:173), org.testng.internal.MethodRunner.runInSequence(MethodRunner.java:46), org.testng.internal.TestInvoker$MethodInvocationAgent.invoke(TestInvoker.java:824), org.testng.internal.TestInvoker.invokeTestMethods(TestInvoker.java:146), org.testng.internal.TestMethodWorker.invokeTestMethods(TestMethodWorker.java:146), org.testng.internal.TestMethodWorker.run(TestMethodWorker.java:128), java.util.ArrayList.forEach(ArrayList.java:1259), org.testng.TestRunner.privateRun(TestRunner.java:794), org.testng.TestRunner.run(TestRunner.java:596), org.testng.SuiteRunner.runTest(SuiteRunner.java:377), org.testng.SuiteRunner.runSequentially(SuiteRunner.java:371), org.testng.SuiteRunner.privateRun(SuiteRunner.java:332), org.testng.SuiteRunner.run(SuiteRunner.java:276), org.testng.SuiteRunnerWorker.runSuite(SuiteRunnerWorker.java:53), org.testng.SuiteRunnerWorker.run(SuiteRunnerWorker.java:96), org.testng.TestNG.runSuitesSequentially(TestNG.java:1212), org.testng.TestNG.runSuitesLocally(TestNG.java:1134), org.testng.TestNG.runSuites(TestNG.java:1063), org.testng.TestNG.run(TestNG.java:1031), org.gradle.api.internal.tasks.testing.testng.TestNGTestClassProcessor.runTests(TestNGTestClassProcessor.java:141), org.gradle.api.internal.tasks.testing.testng.TestNGTestClassProcessor.stop(TestNGTestClassProcessor.java:90), org.gradle.api.internal.tasks.testing.SuiteTestClassProcessor.stop(SuiteTestClassProcessor.java:61), sun.reflect.NativeMethodAccessorImpl.invoke0(Native Method), sun.reflect.NativeMethodAccessorImpl.invoke(NativeMethodAccessorImpl.java:62), sun.reflect.DelegatingMethodAccessorImpl.invoke(DelegatingMethodAccessorImpl.java:43), java.lang.reflect.Method.invoke(Method.java:498), org.gradle.internal.dispatch.ReflectionDispatch.dispatch(ReflectionDispatch.java:36), org.gradle.internal.dispatch.ReflectionDispatch.dispatch(ReflectionDispatch.java:24), org.gradle.internal.dispatch.ContextClassLoaderDispatch.dispatch(ContextClassLoaderDispatch.java:33), org.gradle.internal.dispatch.ProxyDispatchAdapter$DispatchingInvocationHandler.invoke(ProxyDispatchAdapter.java:94), com.sun.proxy.$Proxy2.stop(Unknown Source), org.gradle.api.internal.tasks.testing.worker.TestWorker$3.run(TestWorker.java:193), org.gradle.api.internal.tasks.testing.worker.TestWorker.executeAndMaintainThreadName(TestWorker.java:129), org.gradle.api.internal.tasks.testing.worker.TestWorker.execute(TestWorker.java:100), org.gradle.api.internal.tasks.testing.worker.TestWorker.execute(TestWorker.java:60), org.gradle.process.internal.worker.child.ActionExecutionWorker.execute(ActionExecutionWorker.java:56), org.gradle.process.internal.worker.child.SystemApplicationClassLoaderWorker.call(SystemApplicationClassLoaderWorker.java:133), org.gradle.process.internal.worker.child.SystemApplicationClassLoaderWorker.call(SystemApplicationClassLoaderWorker.java:71), worker.org.gradle.process.internal.worker.GradleWorkerMain.run(GradleWorkerMain.java:69), worker.org.gradle.process.internal.worker.GradleWorkerMain.main(GradleWorkerMain.java:74)]
2023-10-25 17:17:10,921 ERROR m.WDListener [WDListener.java:154] org.openqa.selenium.NoSuchElementException: no such element: Unable to locate element: {"method":"xpath","selector":"//a[contains(@href, '/registration')]"}
  (Session info: chrome=118.0.5993.89)
For documentation on this error, please visit: https://www.seleniumhq.org/exceptions/no_such_element.html
Build info: version: '3.141.59', revision: 'e82be7d358', time: '2018-11-14T08:17:03'
System info: host: 'DESKTOP-QVVLA5E', ip: '192.168.1.166', os.name: 'Windows 10', os.arch: 'amd64', os.version: '10.0', java.version: '1.8.0_333'
Driver info: org.openqa.selenium.chrome.ChromeDriver
Capabilities {acceptInsecureCerts: false, browserName: chrome, browserVersion: 118.0.5993.89, chrome: {chromedriverVersion: 118.0.5993.70 (e52f33f30b91..., userDataDir: C:\Users\filin\AppData\Loca...}, fedcm:accounts: true, goog:chromeOptions: {debuggerAddress: localhost:61496}, javascriptEnabled: true, networkConnectionEnabled: false, pageLoadStrategy: normal, platform: WINDOWS, platformName: WINDOWS, proxy: Proxy(), setWindowRect: true, strictFileInteractability: false, timeouts: {implicit: 0, pageLoad: 300000, script: 30000}, unhandledPromptBehavior: dismiss and notify, webauthn:extension:credBlob: true, webauthn:extension:largeBlob: true, webauthn:extension:minPinLength: true, webauthn:extension:prf: true, webauthn:virtualAuthenticators: true}
Session ID: c9306f448dc06ac908246b5c929edbe5
*** Element info: {Using=xpath, value=//a[contains(@href, '/registration')]}
2023-10-25 17:17:11,251 INFO m.TestNGListener [TestNGListener.java:27] test failure: positiveRegistration
2023-10-25 17:17:11,252 INFO m.WDListener [WDListener.java:127] start execute js script: document.querySelector(`[type='button']`).click();
2023-10-25 17:17:11,268 INFO m.WDListener [WDListener.java:149] start on exception in WDListener class
2023-10-25 17:17:11,269 INFO m.WDListener [WDListener.java:151] created name for the screenshot: src/test/screenshots/screenshot-2023-10-25_17_17_11.png
2023-10-25 17:17:11,269 ERROR m.WDListener [WDListener.java:152] javascript error: Cannot read properties of null (reading 'click')
  (Session info: chrome=118.0.5993.89)
Build info: version: '3.141.59', revision: 'e82be7d358', time: '2018-11-14T08:17:03'
System info: host: 'DESKTOP-QVVLA5E', ip: '192.168.1.166', os.name: 'Windows 10', os.arch: 'amd64', os.version: '10.0', java.version: '1.8.0_333'
Driver info: org.openqa.selenium.chrome.ChromeDriver
Capabilities {acceptInsecureCerts: false, browserName: chrome, browserVersion: 118.0.5993.89, chrome: {chromedriverVersion: 118.0.5993.70 (e52f33f30b91..., userDataDir: C:\Users\filin\AppData\Loca...}, fedcm:accounts: true, goog:chromeOptions: {debuggerAddress: localhost:61496}, javascriptEnabled: true, networkConnectionEnabled: false, pageLoadStrategy: normal, platform: WINDOWS, platformName: WINDOWS, proxy: Proxy(), setWindowRect: true, strictFileInteractability: false, timeouts: {implicit: 0, pageLoad: 300000, script: 30000}, unhandledPromptBehavior: dismiss and notify, webauthn:extension:credBlob: true, webauthn:extension:largeBlob: true, webauthn:extension:minPinLength: true, webauthn:extension:prf: true, webauthn:virtualAuthenticators: true}
Session ID: c9306f448dc06ac908246b5c929edbe5
2023-10-25 17:17:11,269 ERROR m.WDListener [WDListener.java:153] [sun.reflect.NativeConstructorAccessorImpl.newInstance0(Native Method), sun.reflect.NativeConstructorAccessorImpl.newInstance(NativeConstructorAccessorImpl.java:62), sun.reflect.DelegatingConstructorAccessorImpl.newInstance(DelegatingConstructorAccessorImpl.java:45), java.lang.reflect.Constructor.newInstance(Constructor.java:423), org.openqa.selenium.remote.http.W3CHttpResponseCodec.createException(W3CHttpResponseCodec.java:187), org.openqa.selenium.remote.http.W3CHttpResponseCodec.decode(W3CHttpResponseCodec.java:122), org.openqa.selenium.remote.http.W3CHttpResponseCodec.decode(W3CHttpResponseCodec.java:49), org.openqa.selenium.remote.HttpCommandExecutor.execute(HttpCommandExecutor.java:158), org.openqa.selenium.remote.service.DriverCommandExecutor.execute(DriverCommandExecutor.java:83), org.openqa.selenium.remote.RemoteWebDriver.execute(RemoteWebDriver.java:552), org.openqa.selenium.remote.RemoteWebDriver.executeScript(RemoteWebDriver.java:489), sun.reflect.NativeMethodAccessorImpl.invoke0(Native Method), sun.reflect.NativeMethodAccessorImpl.invoke(NativeMethodAccessorImpl.java:62), sun.reflect.DelegatingMethodAccessorImpl.invoke(DelegatingMethodAccessorImpl.java:43), java.lang.reflect.Method.invoke(Method.java:498), org.openqa.selenium.support.events.EventFiringWebDriver.lambda$new$1(EventFiringWebDriver.java:105), com.sun.proxy.$Proxy16.executeScript(Unknown Source), org.openqa.selenium.support.events.EventFiringWebDriver.executeScript(EventFiringWebDriver.java:229), manager.BaseHelper.jsClickBase(BaseHelper.java:64), manager.UserHelper.clickOkPopUpSuccessLogin(UserHelper.java:110), tests.RegistrationTests.postConditionsLogin(RegistrationTests.java:32), sun.reflect.NativeMethodAccessorImpl.invoke0(Native Method), sun.reflect.NativeMethodAccessorImpl.invoke(NativeMethodAccessorImpl.java:62), sun.reflect.DelegatingMethodAccessorImpl.invoke(DelegatingMethodAccessorImpl.java:43), java.lang.reflect.Method.invoke(Method.java:498), org.testng.internal.MethodInvocationHelper.invokeMethod(MethodInvocationHelper.java:133), org.testng.internal.MethodInvocationHelper.invokeMethodConsideringTimeout(MethodInvocationHelper.java:62), org.testng.internal.ConfigInvoker.invokeConfigurationMethod(ConfigInvoker.java:385), org.testng.internal.ConfigInvoker.invokeConfigurations(ConfigInvoker.java:321), org.testng.TestRunner.invokeTestConfigurations(TestRunner.java:637), org.testng.TestRunner.afterRun(TestRunner.java:877), org.testng.TestRunner.run(TestRunner.java:599), org.testng.SuiteRunner.runTest(SuiteRunner.java:377), org.testng.SuiteRunner.runSequentially(SuiteRunner.java:371), org.testng.SuiteRunner.privateRun(SuiteRunner.java:332), org.testng.SuiteRunner.run(SuiteRunner.java:276), org.testng.SuiteRunnerWorker.runSuite(SuiteRunnerWorker.java:53), org.testng.SuiteRunnerWorker.run(SuiteRunnerWorker.java:96), org.testng.TestNG.runSuitesSequentially(TestNG.java:1212), org.testng.TestNG.runSuitesLocally(TestNG.java:1134), org.testng.TestNG.runSuites(TestNG.java:1063), org.testng.TestNG.run(TestNG.java:1031), org.gradle.api.internal.tasks.testing.testng.TestNGTestClassProcessor.runTests(TestNGTestClassProcessor.java:141), org.gradle.api.internal.tasks.testing.testng.TestNGTestClassProcessor.stop(TestNGTestClassProcessor.java:90), org.gradle.api.internal.tasks.testing.SuiteTestClassProcessor.stop(SuiteTestClassProcessor.java:61), sun.reflect.NativeMethodAccessorImpl.invoke0(Native Method), sun.reflect.NativeMethodAccessorImpl.invoke(NativeMethodAccessorImpl.java:62), sun.reflect.DelegatingMethodAccessorImpl.invoke(DelegatingMethodAccessorImpl.java:43), java.lang.reflect.Method.invoke(Method.java:498), org.gradle.internal.dispatch.ReflectionDispatch.dispatch(ReflectionDispatch.java:36), org.gradle.internal.dispatch.ReflectionDispatch.dispatch(ReflectionDispatch.java:24), org.gradle.internal.dispatch.ContextClassLoaderDispatch.dispatch(ContextClassLoaderDispatch.java:33), org.gradle.internal.dispatch.ProxyDispatchAdapter$DispatchingInvocationHandler.invoke(ProxyDispatchAdapter.java:94), com.sun.proxy.$Proxy2.stop(Unknown Source), org.gradle.api.internal.tasks.testing.worker.TestWorker$3.run(TestWorker.java:193), org.gradle.api.internal.tasks.testing.worker.TestWorker.executeAndMaintainThreadName(TestWorker.java:129), org.gradle.api.internal.tasks.testing.worker.TestWorker.execute(TestWorker.java:100), org.gradle.api.internal.tasks.testing.worker.TestWorker.execute(TestWorker.java:60), org.gradle.process.internal.worker.child.ActionExecutionWorker.execute(ActionExecutionWorker.java:56), org.gradle.process.internal.worker.child.SystemApplicationClassLoaderWorker.call(SystemApplicationClassLoaderWorker.java:133), org.gradle.process.internal.worker.child.SystemApplicationClassLoaderWorker.call(SystemApplicationClassLoaderWorker.java:71), worker.org.gradle.process.internal.worker.GradleWorkerMain.run(GradleWorkerMain.java:69), worker.org.gradle.process.internal.worker.GradleWorkerMain.main(GradleWorkerMain.java:74)]
2023-10-25 17:17:11,269 ERROR m.WDListener [WDListener.java:154] org.openqa.selenium.JavascriptException: javascript error: Cannot read properties of null (reading 'click')
  (Session info: chrome=118.0.5993.89)
Build info: version: '3.141.59', revision: 'e82be7d358', time: '2018-11-14T08:17:03'
System info: host: 'DESKTOP-QVVLA5E', ip: '192.168.1.166', os.name: 'Windows 10', os.arch: 'amd64', os.version: '10.0', java.version: '1.8.0_333'
Driver info: org.openqa.selenium.chrome.ChromeDriver
Capabilities {acceptInsecureCerts: false, browserName: chrome, browserVersion: 118.0.5993.89, chrome: {chromedriverVersion: 118.0.5993.70 (e52f33f30b91..., userDataDir: C:\Users\filin\AppData\Loca...}, fedcm:accounts: true, goog:chromeOptions: {debuggerAddress: localhost:61496}, javascriptEnabled: true, networkConnectionEnabled: false, pageLoadStrategy: normal, platform: WINDOWS, platformName: WINDOWS, proxy: Proxy(), setWindowRect: true, strictFileInteractability: false, timeouts: {implicit: 0, pageLoad: 300000, script: 30000}, unhandledPromptBehavior: dismiss and notify, webauthn:extension:credBlob: true, webauthn:extension:largeBlob: true, webauthn:extension:minPinLength: true, webauthn:extension:prf: true, webauthn:virtualAuthenticators: true}
Session ID: c9306f448dc06ac908246b5c929edbe5
2023-10-25 17:17:11,594 INFO m.TestNGListener [TestNGListener.java:56] all code executed: passed tests [ResultMap map=[[TestResult name=negativePasswordWithoutNumbers status=SUCCESS method=LoginTests.negativePasswordWithoutNumbers()[pri:0, instance:tests.LoginTests@47faa49c] output={null}], [TestResult name=positiveLoginUserDTO status=SUCCESS method=LoginTests.positiveLoginUserDTO()[pri:0, instance:tests.LoginTests@47faa49c] output={null}], [TestResult name=positiveLoginUserDTOWith status=SUCCESS method=LoginTests.positiveLoginUserDTOWith()[pri:0, instance:tests.LoginTests@47faa49c] output={null}], [TestResult name=negativePasswordWithoutSymbol status=SUCCESS method=LoginTests.negativePasswordWithoutSymbol()[pri:0, instance:tests.LoginTests@47faa49c] output={null}], [TestResult name=positiveLogin status=SUCCESS method=LoginTests.positiveLogin()[pri:0, instance:tests.LoginTests@47faa49c] output={null}], [TestResult name=negativePasswordWithoutLetters status=SUCCESS method=LoginTests.negativePasswordWithoutLetters()[pri:0, instance:tests.LoginTests@47faa49c] output={null}]]]
2023-10-25 17:17:11,594 INFO m.TestNGListener [TestNGListener.java:57] all code executed: failed tests: [ResultMap map=[[TestResult name=negativeRegistrationWrongEmail status=FAILURE method=RegistrationTests.negativeRegistrationWrongEmail()[pri:0, instance:tests.RegistrationTests@20ccf40b] output={null}], [TestResult name=positiveRegistration status=FAILURE method=RegistrationTests.positiveRegistration()[pri:0, instance:tests.RegistrationTests@20ccf40b] output={null}], [TestResult name=negativeRegistrationBlankEmail status=FAILURE method=RegistrationTests.negativeRegistrationBlankEmail()[pri:0, instance:tests.RegistrationTests@20ccf40b] output={null}], [TestResult name=negativeRegistrationWrongPassword status=FAILURE method=RegistrationTests.negativeRegistrationWrongPassword()[pri:0, instance:tests.RegistrationTests@20ccf40b] output={null}]]]
